g:\c++ project\learnopengl\hello window\hellowindow\x64\debug\vc143.pdb
g:\c++ project\learnopengl\hello window\hellowindow\x64\debug\vc143.idb
g:\c++ project\learnopengl\hello window\hellowindow\x64\debug\application.obj
g:\c++ project\learnopengl\hellowindow\x64\debug\application.obj
g:\c++ project\learnopengl\hellowindow\x64\debug\vc143.idb
g:\c++ project\learnopengl\hellowindow\x64\debug\hellowindow.pdb
g:\c++ project\learnopengl\hellowindow\x64\debug\vc143.pdb
g:\c++ project\learnopengl\hellowindow\x64\debug\hellowindow.tlog\cl.command.1.tlog
g:\c++ project\learnopengl\hellowindow\x64\debug\hellowindow.tlog\cl.items.tlog
g:\c++ project\learnopengl\hellowindow\x64\debug\hellowindow.tlog\cl.read.1.tlog
g:\c++ project\learnopengl\hellowindow\x64\debug\hellowindow.tlog\cl.write.1.tlog
g:\c++ project\learnopengl\hellowindow\x64\debug\hellowindow.tlog\link-cvtres.read.1.tlog
g:\c++ project\learnopengl\hellowindow\x64\debug\hellowindow.tlog\link-cvtres.write.1.tlog
g:\c++ project\learnopengl\hellowindow\x64\debug\hellowindow.tlog\link-rc.read.1.tlog
g:\c++ project\learnopengl\hellowindow\x64\debug\hellowindow.tlog\link-rc.write.1.tlog
g:\c++ project\learnopengl\hellowindow\x64\debug\hellowindow.tlog\link.2176-cvtres.read.1.tlog
g:\c++ project\learnopengl\hellowindow\x64\debug\hellowindow.tlog\link.2176-cvtres.write.1.tlog
g:\c++ project\learnopengl\hellowindow\x64\debug\hellowindow.tlog\link.2176-rc.read.1.tlog
g:\c++ project\learnopengl\hellowindow\x64\debug\hellowindow.tlog\link.2176-rc.write.1.tlog
g:\c++ project\learnopengl\hellowindow\x64\debug\hellowindow.tlog\link.2176.read.1.tlog
g:\c++ project\learnopengl\hellowindow\x64\debug\hellowindow.tlog\link.2176.read.2.tlog
g:\c++ project\learnopengl\hellowindow\x64\debug\hellowindow.tlog\link.2176.read.3.tlog
g:\c++ project\learnopengl\hellowindow\x64\debug\hellowindow.tlog\link.2176.read.4.tlog
g:\c++ project\learnopengl\hellowindow\x64\debug\hellowindow.tlog\link.2176.write.1.tlog
g:\c++ project\learnopengl\hellowindow\x64\debug\hellowindow.tlog\link.command.1.tlog
g:\c++ project\learnopengl\hellowindow\x64\debug\hellowindow.tlog\link.read.1.tlog
g:\c++ project\learnopengl\hellowindow\x64\debug\hellowindow.tlog\link.read.2.tlog
g:\c++ project\learnopengl\hellowindow\x64\debug\hellowindow.tlog\link.read.3.tlog
g:\c++ project\learnopengl\hellowindow\x64\debug\hellowindow.tlog\link.read.4.tlog
g:\c++ project\learnopengl\hellowindow\x64\debug\hellowindow.tlog\link.write.1.tlog
